<?xml version="1.0" encoding="UTF-8"?>
<!-- Generated by org.testng.reporters.JUnitXMLReporter -->
<testsuite ignored="0" hostname="DESKTOP-0VGS6HA" failures="0" tests="3" name="Default test" time="2.239" errors="0" timestamp="2023-12-02T21:34:21 EET">
  <testcase classname="LoginProcess.ValidLoginTestCases" name="LoginTestUsingStandardUsers" time="0.558"/>
  <testcase classname="LoginProcess.ValidLoginTestCases" name="AddToCart" time="0.024"/>
  <testcase classname="LoginProcess.ValidLoginTestCases" name="PrintTheNamesOfTheItems" time="0.695"/>
</testsuite> <!-- Default test -->
