<?xml version="1.0" encoding="UTF-8"?>
<testng-results ignored="0" total="1" passed="1" failed="0" skipped="0">
  <reporter-output>
  </reporter-output>
  <suite started-at="2023-09-27T15:36:45 EET" name="Default suite" finished-at="2023-09-27T15:37:35 EET" duration-ms="49862">
    <groups>
    </groups>
    <test started-at="2023-09-27T15:36:45 EET" name="Default test" finished-at="2023-09-27T15:37:35 EET" duration-ms="49862">
      <class name="MyClass">
        <test-method is-config="true" signature="myBeforeMethod()[pri:0, instance:MyClass@3c443976]" started-at="2023-09-27T15:36:45 EET" name="myBeforeMethod" finished-at="2023-09-27T15:37:35 EET" duration-ms="49731" status="PASS">
          <reporter-output>
          </reporter-output>
        </test-method> <!-- myBeforeMethod -->
        <test-method signature="testAlmosaferWebsite()[pri:0, instance:MyClass@3c443976]" started-at="2023-09-27T15:37:35 EET" name="testAlmosaferWebsite" finished-at="2023-09-27T15:37:35 EET" duration-ms="95" status="PASS">
          <reporter-output>
          </reporter-output>
        </test-method> <!-- testAlmosaferWebsite -->
        <test-method is-config="true" signature="myAfterMethod()[pri:0, instance:MyClass@3c443976]" started-at="2023-09-27T15:37:35 EET" name="myAfterMethod" finished-at="2023-09-27T15:37:35 EET" duration-ms="0" status="PASS">
          <reporter-output>
          </reporter-output>
        </test-method> <!-- myAfterMethod -->
      </class> <!-- MyClass -->
    </test> <!-- Default test -->
  </suite> <!-- Default suite -->
</testng-results>
